Dec 04, 2018 2:01:09 PM org.apache.catalina.startup.VersionLoggerListener log
INFO: Server version:        Apache Tomcat (TomEE)/7.0.81 (1.7.5)
Dec 04, 2018 2:01:09 PM org.apache.catalina.startup.VersionLoggerListener log
INFO: Server built:          Aug 11 2017 10:21:27 UTC
Dec 04, 2018 2:01:09 PM org.apache.catalina.startup.VersionLoggerListener log
INFO: Server number:         7.0.81.0
Dec 04, 2018 2:01:09 PM org.apache.catalina.startup.VersionLoggerListener log
INFO: OS Name:               Mac OS X
Dec 04, 2018 2:01:09 PM org.apache.catalina.startup.VersionLoggerListener log
INFO: OS Version:            10.14.1
Dec 04, 2018 2:01:09 PM org.apache.catalina.startup.VersionLoggerListener log
INFO: Architecture:          x86_64
Dec 04, 2018 2:01:09 PM org.apache.catalina.startup.VersionLoggerListener log
INFO: Java Home:             /Library/Java/JavaVirtualMachines/jdk1.8.0_40.jdk/Contents/Home/jre
Dec 04, 2018 2:01:09 PM org.apache.catalina.startup.VersionLoggerListener log
INFO: JVM Version:           1.8.0_40-ea-b23
Dec 04, 2018 2:01:09 PM org.apache.catalina.startup.VersionLoggerListener log
INFO: JVM Vendor:            Oracle Corporation
Dec 04, 2018 2:01:09 PM org.apache.catalina.startup.VersionLoggerListener log
INFO: CATALINA_BASE:         /Users/ridouan/address-manager/application/target/apache-tomee
Dec 04, 2018 2:01:09 PM org.apache.catalina.startup.VersionLoggerListener log
INFO: CATALINA_HOME:         /Users/ridouan/address-manager/application/target/apache-tomee
Dec 04, 2018 2:01:09 PM org.apache.catalina.startup.VersionLoggerListener log
INFO: Command line argument: -XX:+HeapDumpOnOutOfMemoryError
Dec 04, 2018 2:01:09 PM org.apache.catalina.startup.VersionLoggerListener log
INFO: Command line argument: -Dorg.apache.catalina.STRICT_SERVLET_COMPLIANCE=false
Dec 04, 2018 2:01:09 PM org.apache.catalina.startup.VersionLoggerListener log
INFO: Command line argument: -Dopenejb.session.manager=org.apache.tomee.catalina.session.QuickSessionManager
Dec 04, 2018 2:01:09 PM org.apache.catalina.startup.VersionLoggerListener log
INFO: Command line argument: -Dtomee.remote.support=true
Dec 04, 2018 2:01:09 PM org.apache.catalina.startup.VersionLoggerListener log
INFO: Command line argument: -Dopenejb.system.apps=false
Dec 04, 2018 2:01:09 PM org.apache.catalina.startup.VersionLoggerListener log
INFO: Command line argument: -Djava.util.logging.config.file=/Users/ridouan/address-manager/application/target/apache-tomee/conf/logging.properties
Dec 04, 2018 2:01:09 PM org.apache.catalina.startup.VersionLoggerListener log
INFO: Command line argument: -javaagent:/Users/ridouan/address-manager/application/target/apache-tomee/lib/openejb-javaagent.jar
Dec 04, 2018 2:01:09 PM org.apache.catalina.startup.VersionLoggerListener log
INFO: Command line argument: -Djava.util.logging.manager=org.apache.juli.ClassLoaderLogManager
Dec 04, 2018 2:01:09 PM org.apache.catalina.startup.VersionLoggerListener log
INFO: Command line argument: -Djava.io.tmpdir=/Users/ridouan/address-manager/application/target/apache-tomee/temp
Dec 04, 2018 2:01:09 PM org.apache.catalina.startup.VersionLoggerListener log
INFO: Command line argument: -Djava.endorsed.dirs=/Users/ridouan/address-manager/application/target/apache-tomee/endorsed
Dec 04, 2018 2:01:09 PM org.apache.catalina.startup.VersionLoggerListener log
INFO: Command line argument: -Dcatalina.base=/Users/ridouan/address-manager/application/target/apache-tomee
Dec 04, 2018 2:01:09 PM org.apache.catalina.startup.VersionLoggerListener log
INFO: Command line argument: -Dcatalina.home=/Users/ridouan/address-manager/application/target/apache-tomee
Dec 04, 2018 2:01:09 PM org.apache.catalina.startup.VersionLoggerListener log
INFO: Command line argument: -Dcatalina.ext.dirs=/Users/ridouan/address-manager/application/target/apache-tomee/lib
Dec 04, 2018 2:01:09 PM org.apache.catalina.startup.VersionLoggerListener log
INFO: Command line argument: -Dorg.apache.tomcat.util.http.ServerCookie.ALLOW_HTTP_SEPARATORS_IN_V0=true
Dec 04, 2018 2:01:09 PM org.apache.catalina.startup.VersionLoggerListener log
INFO: Command line argument: -ea
Dec 04, 2018 2:01:09 PM org.apache.catalina.core.AprLifecycleListener lifecycleEvent
INFO: The APR based Apache Tomcat Native library which allows optimal performance in production environments was not found on the java.library.path: /Users/ridouan/Library/Java/Extensions:/Library/Java/Extensions:/Network/Library/Java/Extensions:/System/Library/Java/Extensions:/usr/lib/java:.
Dec 04, 2018 2:01:09 PM org.apache.coyote.AbstractProtocol init
INFO: Initializing ProtocolHandler ["http-bio-8080"]
Dec 04, 2018 2:01:10 PM org.apache.coyote.AbstractProtocol init
SEVERE: Failed to initialize end point associated with ProtocolHandler ["http-bio-8080"]
java.net.BindException: Address already in use <null>:8080
	at org.apache.tomcat.util.net.JIoEndpoint.bind(JIoEndpoint.java:413)
	at org.apache.tomcat.util.net.AbstractEndpoint.init(AbstractEndpoint.java:728)
	at org.apache.coyote.AbstractProtocol.init(AbstractProtocol.java:452)
	at org.apache.coyote.http11.AbstractHttp11JsseProtocol.init(AbstractHttp11JsseProtocol.java:119)
	at org.apache.catalina.connector.Connector.initInternal(Connector.java:978)
	at org.apache.catalina.util.LifecycleBase.init(LifecycleBase.java:102)
	at org.apache.catalina.core.StandardService.initInternal(StandardService.java:560)
	at org.apache.catalina.util.LifecycleBase.init(LifecycleBase.java:102)
	at org.apache.catalina.core.StandardServer.initInternal(StandardServer.java:840)
	at org.apache.catalina.util.LifecycleBase.init(LifecycleBase.java:102)
	at org.apache.catalina.startup.Catalina.load(Catalina.java:643)
	at org.apache.catalina.startup.Catalina.load(Catalina.java:668)
	at sun.reflect.NativeMethodAccessorImpl.invoke0(Native Method)
	at sun.reflect.NativeMethodAccessorImpl.invoke(NativeMethodAccessorImpl.java:62)
	at sun.reflect.DelegatingMethodAccessorImpl.invoke(DelegatingMethodAccessorImpl.java:43)
	at java.lang.reflect.Method.invoke(Method.java:497)
	at org.apache.catalina.startup.Bootstrap.load(Bootstrap.java:253)
	at org.apache.catalina.startup.Bootstrap.main(Bootstrap.java:427)
Caused by: java.net.BindException: Address already in use
	at java.net.PlainSocketImpl.socketBind(Native Method)
	at java.net.AbstractPlainSocketImpl.bind(AbstractPlainSocketImpl.java:382)
	at java.net.ServerSocket.bind(ServerSocket.java:375)
	at java.net.ServerSocket.<init>(ServerSocket.java:237)
	at java.net.ServerSocket.<init>(ServerSocket.java:181)
	at org.apache.tomcat.util.net.DefaultServerSocketFactory.createSocket(DefaultServerSocketFactory.java:49)
	at org.apache.tomcat.util.net.JIoEndpoint.bind(JIoEndpoint.java:400)
	... 17 more

Dec 04, 2018 2:01:10 PM org.apache.catalina.core.StandardService initInternal
SEVERE: Failed to initialize connector [Connector[HTTP/1.1-8080]]
org.apache.catalina.LifecycleException: Failed to initialize component [Connector[HTTP/1.1-8080]]
	at org.apache.catalina.util.LifecycleBase.init(LifecycleBase.java:107)
	at org.apache.catalina.core.StandardService.initInternal(StandardService.java:560)
	at org.apache.catalina.util.LifecycleBase.init(LifecycleBase.java:102)
	at org.apache.catalina.core.StandardServer.initInternal(StandardServer.java:840)
	at org.apache.catalina.util.LifecycleBase.init(LifecycleBase.java:102)
	at org.apache.catalina.startup.Catalina.load(Catalina.java:643)
	at org.apache.catalina.startup.Catalina.load(Catalina.java:668)
	at sun.reflect.NativeMethodAccessorImpl.invoke0(Native Method)
	at sun.reflect.NativeMethodAccessorImpl.invoke(NativeMethodAccessorImpl.java:62)
	at sun.reflect.DelegatingMethodAccessorImpl.invoke(DelegatingMethodAccessorImpl.java:43)
	at java.lang.reflect.Method.invoke(Method.java:497)
	at org.apache.catalina.startup.Bootstrap.load(Bootstrap.java:253)
	at org.apache.catalina.startup.Bootstrap.main(Bootstrap.java:427)
Caused by: org.apache.catalina.LifecycleException: Protocol handler initialization failed
	at org.apache.catalina.connector.Connector.initInternal(Connector.java:980)
	at org.apache.catalina.util.LifecycleBase.init(LifecycleBase.java:102)
	... 12 more
Caused by: java.net.BindException: Address already in use <null>:8080
	at org.apache.tomcat.util.net.JIoEndpoint.bind(JIoEndpoint.java:413)
	at org.apache.tomcat.util.net.AbstractEndpoint.init(AbstractEndpoint.java:728)
	at org.apache.coyote.AbstractProtocol.init(AbstractProtocol.java:452)
	at org.apache.coyote.http11.AbstractHttp11JsseProtocol.init(AbstractHttp11JsseProtocol.java:119)
	at org.apache.catalina.connector.Connector.initInternal(Connector.java:978)
	... 13 more
Caused by: java.net.BindException: Address already in use
	at java.net.PlainSocketImpl.socketBind(Native Method)
	at java.net.AbstractPlainSocketImpl.bind(AbstractPlainSocketImpl.java:382)
	at java.net.ServerSocket.bind(ServerSocket.java:375)
	at java.net.ServerSocket.<init>(ServerSocket.java:237)
	at java.net.ServerSocket.<init>(ServerSocket.java:181)
	at org.apache.tomcat.util.net.DefaultServerSocketFactory.createSocket(DefaultServerSocketFactory.java:49)
	at org.apache.tomcat.util.net.JIoEndpoint.bind(JIoEndpoint.java:400)
	... 17 more

Dec 04, 2018 2:01:10 PM org.apache.coyote.AbstractProtocol init
INFO: Initializing ProtocolHandler ["ajp-bio-8009"]
Dec 04, 2018 2:01:10 PM org.apache.coyote.AbstractProtocol init
SEVERE: Failed to initialize end point associated with ProtocolHandler ["ajp-bio-8009"]
java.net.BindException: Address already in use <null>:8009
	at org.apache.tomcat.util.net.JIoEndpoint.bind(JIoEndpoint.java:413)
	at org.apache.tomcat.util.net.AbstractEndpoint.init(AbstractEndpoint.java:728)
	at org.apache.coyote.AbstractProtocol.init(AbstractProtocol.java:452)
	at org.apache.catalina.connector.Connector.initInternal(Connector.java:978)
	at org.apache.catalina.util.LifecycleBase.init(LifecycleBase.java:102)
	at org.apache.catalina.core.StandardService.initInternal(StandardService.java:560)
	at org.apache.catalina.util.LifecycleBase.init(LifecycleBase.java:102)
	at org.apache.catalina.core.StandardServer.initInternal(StandardServer.java:840)
	at org.apache.catalina.util.LifecycleBase.init(LifecycleBase.java:102)
	at org.apache.catalina.startup.Catalina.load(Catalina.java:643)
	at org.apache.catalina.startup.Catalina.load(Catalina.java:668)
	at sun.reflect.NativeMethodAccessorImpl.invoke0(Native Method)
	at sun.reflect.NativeMethodAccessorImpl.invoke(NativeMethodAccessorImpl.java:62)
	at sun.reflect.DelegatingMethodAccessorImpl.invoke(DelegatingMethodAccessorImpl.java:43)
	at java.lang.reflect.Method.invoke(Method.java:497)
	at org.apache.catalina.startup.Bootstrap.load(Bootstrap.java:253)
	at org.apache.catalina.startup.Bootstrap.main(Bootstrap.java:427)
Caused by: java.net.BindException: Address already in use
	at java.net.PlainSocketImpl.socketBind(Native Method)
	at java.net.AbstractPlainSocketImpl.bind(AbstractPlainSocketImpl.java:382)
	at java.net.ServerSocket.bind(ServerSocket.java:375)
	at java.net.ServerSocket.<init>(ServerSocket.java:237)
	at java.net.ServerSocket.<init>(ServerSocket.java:181)
	at org.apache.tomcat.util.net.DefaultServerSocketFactory.createSocket(DefaultServerSocketFactory.java:49)
	at org.apache.tomcat.util.net.JIoEndpoint.bind(JIoEndpoint.java:400)
	... 16 more

Dec 04, 2018 2:01:10 PM org.apache.catalina.core.StandardService initInternal
SEVERE: Failed to initialize connector [Connector[AJP/1.3-8009]]
org.apache.catalina.LifecycleException: Failed to initialize component [Connector[AJP/1.3-8009]]
	at org.apache.catalina.util.LifecycleBase.init(LifecycleBase.java:107)
	at org.apache.catalina.core.StandardService.initInternal(StandardService.java:560)
	at org.apache.catalina.util.LifecycleBase.init(LifecycleBase.java:102)
	at org.apache.catalina.core.StandardServer.initInternal(StandardServer.java:840)
	at org.apache.catalina.util.LifecycleBase.init(LifecycleBase.java:102)
	at org.apache.catalina.startup.Catalina.load(Catalina.java:643)
	at org.apache.catalina.startup.Catalina.load(Catalina.java:668)
	at sun.reflect.NativeMethodAccessorImpl.invoke0(Native Method)
	at sun.reflect.NativeMethodAccessorImpl.invoke(NativeMethodAccessorImpl.java:62)
	at sun.reflect.DelegatingMethodAccessorImpl.invoke(DelegatingMethodAccessorImpl.java:43)
	at java.lang.reflect.Method.invoke(Method.java:497)
	at org.apache.catalina.startup.Bootstrap.load(Bootstrap.java:253)
	at org.apache.catalina.startup.Bootstrap.main(Bootstrap.java:427)
Caused by: org.apache.catalina.LifecycleException: Protocol handler initialization failed
	at org.apache.catalina.connector.Connector.initInternal(Connector.java:980)
	at org.apache.catalina.util.LifecycleBase.init(LifecycleBase.java:102)
	... 12 more
Caused by: java.net.BindException: Address already in use <null>:8009
	at org.apache.tomcat.util.net.JIoEndpoint.bind(JIoEndpoint.java:413)
	at org.apache.tomcat.util.net.AbstractEndpoint.init(AbstractEndpoint.java:728)
	at org.apache.coyote.AbstractProtocol.init(AbstractProtocol.java:452)
	at org.apache.catalina.connector.Connector.initInternal(Connector.java:978)
	... 13 more
Caused by: java.net.BindException: Address already in use
	at java.net.PlainSocketImpl.socketBind(Native Method)
	at java.net.AbstractPlainSocketImpl.bind(AbstractPlainSocketImpl.java:382)
	at java.net.ServerSocket.bind(ServerSocket.java:375)
	at java.net.ServerSocket.<init>(ServerSocket.java:237)
	at java.net.ServerSocket.<init>(ServerSocket.java:181)
	at org.apache.tomcat.util.net.DefaultServerSocketFactory.createSocket(DefaultServerSocketFactory.java:49)
	at org.apache.tomcat.util.net.JIoEndpoint.bind(JIoEndpoint.java:400)
	... 16 more

Dec 04, 2018 2:01:10 PM org.apache.openejb.util.OptionsLog info
INFO: Using 'tomee.remote.support=true'
Dec 04, 2018 2:01:10 PM org.apache.openejb.util.OptionsLog info
INFO: Using 'openejb.jdbc.datasource-creator=org.apache.tomee.jdbc.TomEEDataSourceCreator'
Dec 04, 2018 2:01:10 PM org.apache.openejb.OpenEJB$Instance <init>
INFO: ********************************************************************************
Dec 04, 2018 2:01:10 PM org.apache.openejb.OpenEJB$Instance <init>
INFO: OpenEJB http://tomee.apache.org/
Dec 04, 2018 2:01:10 PM org.apache.openejb.OpenEJB$Instance <init>
INFO: Startup: Tue Dec 04 14:01:10 CET 2018
Dec 04, 2018 2:01:10 PM org.apache.openejb.OpenEJB$Instance <init>
INFO: Copyright 1999-2015 (C) Apache OpenEJB/TomEE Project, All Rights Reserved.
Dec 04, 2018 2:01:10 PM org.apache.openejb.OpenEJB$Instance <init>
INFO: Version: 4.7.5
Dec 04, 2018 2:01:10 PM org.apache.openejb.OpenEJB$Instance <init>
INFO: Build date: 20170927
Dec 04, 2018 2:01:10 PM org.apache.openejb.OpenEJB$Instance <init>
INFO: Build time: 12:02
Dec 04, 2018 2:01:10 PM org.apache.openejb.OpenEJB$Instance <init>
INFO: ********************************************************************************
Dec 04, 2018 2:01:10 PM org.apache.openejb.OpenEJB$Instance <init>
INFO: openejb.home = /Users/ridouan/address-manager/application/target/apache-tomee
Dec 04, 2018 2:01:10 PM org.apache.openejb.OpenEJB$Instance <init>
INFO: openejb.base = /Users/ridouan/address-manager/application/target/apache-tomee
Dec 04, 2018 2:01:10 PM org.apache.openejb.cdi.CdiBuilder initializeOWB
INFO: Created new singletonService org.apache.openejb.cdi.ThreadSingletonServiceImpl@32cf48b7
Dec 04, 2018 2:01:10 PM org.apache.openejb.cdi.CdiBuilder initializeOWB
INFO: Succeeded in installing singleton service
Dec 04, 2018 2:01:10 PM org.apache.openejb.config.ConfigurationFactory init
INFO: openejb configuration file is '/Users/ridouan/address-manager/application/target/apache-tomee/conf/tomee.xml'
Dec 04, 2018 2:01:10 PM org.apache.openejb.config.ConfigurationFactory configureService
INFO: Configuring Service(id=Tomcat Security Service, type=SecurityService, provider-id=Tomcat Security Service)
Dec 04, 2018 2:01:10 PM org.apache.openejb.config.ConfigurationFactory configureService
INFO: Configuring Service(id=Default Transaction Manager, type=TransactionManager, provider-id=Default Transaction Manager)
Dec 04, 2018 2:01:10 PM org.apache.openejb.util.OptionsLog info
INFO: Using 'openejb.system.apps=false'
Dec 04, 2018 2:01:10 PM org.apache.openejb.util.OptionsLog info
INFO: Using 'openejb.deployments.classpath=false'
Dec 04, 2018 2:01:10 PM org.apache.openejb.assembler.classic.Assembler createRecipe
INFO: Creating TransactionManager(id=Default Transaction Manager)
Dec 04, 2018 2:01:10 PM org.apache.openejb.assembler.classic.Assembler createRecipe
INFO: Creating SecurityService(id=Tomcat Security Service)
Dec 04, 2018 2:01:10 PM org.apache.openejb.server.ServiceManager initServer
INFO: Creating ServerService(id=cxf-rs)
Dec 04, 2018 2:01:10 PM org.apache.openejb.server.SimpleServiceManager start
INFO:   ** Bound Services **
Dec 04, 2018 2:01:10 PM org.apache.openejb.server.SimpleServiceManager printRow
INFO:   NAME                 IP              PORT  
Dec 04, 2018 2:01:10 PM org.apache.openejb.server.SimpleServiceManager start
INFO: -------
Dec 04, 2018 2:01:10 PM org.apache.openejb.server.SimpleServiceManager start
INFO: Ready!
Dec 04, 2018 2:01:10 PM org.apache.catalina.startup.Catalina load
INFO: Initialization processed in 1484 ms
Dec 04, 2018 2:01:10 PM org.apache.tomee.catalina.OpenEJBNamingContextListener bindResource
INFO: Importing a Tomcat Resource with id 'UserDatabase' of type 'org.apache.catalina.UserDatabase'.
Dec 04, 2018 2:01:10 PM org.apache.openejb.assembler.classic.Assembler createRecipe
INFO: Creating Resource(id=UserDatabase)
Dec 04, 2018 2:01:10 PM org.apache.catalina.core.StandardService startInternal
INFO: Starting service Catalina
Dec 04, 2018 2:01:10 PM org.apache.catalina.core.StandardEngine startInternal
INFO: Starting Servlet Engine: Apache Tomcat (TomEE)/7.0.81 (1.7.5)
Dec 04, 2018 2:01:10 PM org.apache.catalina.startup.HostConfig deployWAR
INFO: Deploying web application archive /Users/ridouan/address-manager/application/target/apache-tomee/webapps/ROOT.war
Dec 04, 2018 2:01:10 PM org.apache.tomee.catalina.TomcatWebAppBuilder init
INFO: ------------------------- localhost -> /
Dec 04, 2018 2:01:10 PM org.apache.openejb.util.JarExtractor extract
INFO: Extracting jar: /Users/ridouan/address-manager/application/target/apache-tomee/webapps/ROOT.war
Dec 04, 2018 2:01:11 PM org.apache.openejb.util.JarExtractor extract
INFO: Extracted path: /Users/ridouan/address-manager/application/target/apache-tomee/webapps/ROOT
Dec 04, 2018 2:01:11 PM org.apache.openejb.util.OptionsLog info
INFO: Using 'openejb.session.manager=org.apache.tomee.catalina.session.QuickSessionManager'
Dec 04, 2018 2:01:12 PM org.apache.openejb.config.ConfigurationFactory configureApplication
INFO: Configuring enterprise application: /Users/ridouan/address-manager/application/target/apache-tomee/webapps/ROOT
Dec 04, 2018 2:01:12 PM org.apache.openejb.config.ConfigurationFactory configureService
INFO: Configuring Service(id=Default Managed Container, type=Container, provider-id=Default Managed Container)
Dec 04, 2018 2:01:12 PM org.apache.openejb.config.AutoConfig createContainer
INFO: Auto-creating a container for bean .Comp1491293042: Container(type=MANAGED, id=Default Managed Container)
Dec 04, 2018 2:01:12 PM org.apache.openejb.assembler.classic.Assembler createRecipe
INFO: Creating Container(id=Default Managed Container)
Dec 04, 2018 2:01:12 PM org.apache.openejb.core.managed.SimplePassivater init
INFO: Using directory /Users/ridouan/address-manager/application/target/apache-tomee/temp for stateful session passivation
Dec 04, 2018 2:01:13 PM org.apache.openejb.config.AppInfoBuilder build
INFO: Enterprise application "/Users/ridouan/address-manager/application/target/apache-tomee/webapps/ROOT" loaded.
Dec 04, 2018 2:01:13 PM org.apache.openejb.assembler.classic.Assembler createApplication
INFO: Assembling app: /Users/ridouan/address-manager/application/target/apache-tomee/webapps/ROOT
Dec 04, 2018 2:01:13 PM org.apache.openejb.cdi.CdiBuilder initSingleton
INFO: Existing thread singleton service in SystemInstance(): org.apache.openejb.cdi.ThreadSingletonServiceImpl@32cf48b7
Dec 04, 2018 2:01:13 PM org.apache.openejb.cdi.OpenEJBLifecycle startApplication
INFO: OpenWebBeans Container is starting...
Dec 04, 2018 2:01:13 PM org.apache.webbeans.plugins.PluginLoader startUp
INFO: Adding OpenWebBeansPlugin : [CdiPlugin]
Dec 04, 2018 2:01:13 PM org.apache.webbeans.plugins.PluginLoader startUp
INFO: Adding OpenWebBeansPlugin : [OpenWebBeansJsfPlugin]
Dec 04, 2018 2:01:17 PM org.apache.webbeans.config.BeansDeployer deploySingleAnnotatedType
INFO: Skipping deployment of Class class com.sap.cloud.sdk.cloudplatform.auditlog.ScpCfAuditLogdue to a NoClassDefFoundError: com/sap/xs/audit/api/AuditLogMessage
Dec 04, 2018 2:01:21 PM org.apache.webbeans.config.BeansDeployer validateInjectionPoints
INFO: All injection points were validated successfully.
Dec 04, 2018 2:01:21 PM org.apache.openejb.cdi.OpenEJBLifecycle startApplication
INFO: OpenWebBeans Container has started, it took 7769 ms.
Dec 04, 2018 2:01:21 PM org.apache.openejb.assembler.classic.Assembler createApplication
INFO: Deployed Application(path=/Users/ridouan/address-manager/application/target/apache-tomee/webapps/ROOT)
Dec 04, 2018 2:01:22 PM org.apache.catalina.startup.HostConfig deployWAR
INFO: Deployment of web application archive /Users/ridouan/address-manager/application/target/apache-tomee/webapps/ROOT.war has finished in 11,768 ms
Dec 04, 2018 2:01:22 PM org.apache.catalina.startup.Catalina start
INFO: Server startup in 11914 ms
Dec 04, 2018 2:01:22 PM org.apache.catalina.core.StandardServer await
SEVERE: StandardServer.await: create[localhost:8005]: 
java.net.BindException: Address already in use
	at java.net.PlainSocketImpl.socketBind(Native Method)
	at java.net.AbstractPlainSocketImpl.bind(AbstractPlainSocketImpl.java:382)
	at java.net.ServerSocket.bind(ServerSocket.java:375)
	at java.net.ServerSocket.<init>(ServerSocket.java:237)
	at org.apache.catalina.core.StandardServer.await(StandardServer.java:444)
	at org.apache.catalina.startup.Catalina.await(Catalina.java:782)
	at org.apache.catalina.startup.Catalina.start(Catalina.java:728)
	at sun.reflect.NativeMethodAccessorImpl.invoke0(Native Method)
	at sun.reflect.NativeMethodAccessorImpl.invoke(NativeMethodAccessorImpl.java:62)
	at sun.reflect.DelegatingMethodAccessorImpl.invoke(DelegatingMethodAccessorImpl.java:43)
	at java.lang.reflect.Method.invoke(Method.java:497)
	at org.apache.catalina.startup.Bootstrap.start(Bootstrap.java:294)
	at org.apache.catalina.startup.Bootstrap.main(Bootstrap.java:428)

Dec 04, 2018 2:01:22 PM org.apache.coyote.AbstractProtocol pause
INFO: Pausing ProtocolHandler ["http-bio-8080"]
Dec 04, 2018 2:01:22 PM org.apache.coyote.AbstractProtocol pause
INFO: Pausing ProtocolHandler ["ajp-bio-8009"]
Dec 04, 2018 2:01:22 PM org.apache.catalina.core.StandardService stopInternal
INFO: Stopping service Catalina
Dec 04, 2018 2:01:22 PM org.apache.openejb.assembler.classic.Assembler destroyApplication
INFO: Undeploying app: /Users/ridouan/address-manager/application/target/apache-tomee/webapps/ROOT
Dec 04, 2018 2:01:23 PM org.apache.openejb.util.OptionsLog info
INFO: Using 'openjpa.Log=org.apache.openejb.openjpa.JULOpenJPALogFactory'
Dec 04, 2018 2:01:23 PM org.apache.openejb.assembler.classic.Assembler destroyApplication
INFO: Undeployed app: /Users/ridouan/address-manager/application/target/apache-tomee/webapps/ROOT
Dec 04, 2018 2:01:23 PM org.apache.catalina.loader.WebappClassLoaderBase checkThreadLocalMapForLeaks
SEVERE: The web application [] created a ThreadLocal with key of type [com.netflix.hystrix.Hystrix$1] (value [com.netflix.hystrix.Hystrix$1@37e8bc5a]) and a value of type [com.netflix.hystrix.Hystrix.ConcurrentStack] (value [com.netflix.hystrix.Hystrix$ConcurrentStack@275965ed]) but failed to remove it when the web application was stopped. Threads are going to be renewed over time to try and avoid a probable memory leak.
Dec 04, 2018 2:01:23 PM org.apache.openejb.server.SimpleServiceManager stop
INFO: Stopping server services
Dec 04, 2018 2:01:23 PM org.apache.coyote.AbstractProtocol stop
INFO: Stopping ProtocolHandler ["http-bio-8080"]
Dec 04, 2018 2:01:23 PM org.apache.coyote.AbstractProtocol destroy
INFO: Destroying ProtocolHandler ["http-bio-8080"]
Dec 04, 2018 2:01:23 PM org.apache.coyote.AbstractProtocol stop
INFO: Stopping ProtocolHandler ["ajp-bio-8009"]
Dec 04, 2018 2:01:23 PM org.apache.coyote.AbstractProtocol destroy
INFO: Destroying ProtocolHandler ["ajp-bio-8009"]
Dec 04, 2018 2:03:52 PM org.apache.catalina.startup.VersionLoggerListener log
INFO: Server version:        Apache Tomcat (TomEE)/7.0.81 (1.7.5)
Dec 04, 2018 2:03:52 PM org.apache.catalina.startup.VersionLoggerListener log
INFO: Server built:          Aug 11 2017 10:21:27 UTC
Dec 04, 2018 2:03:52 PM org.apache.catalina.startup.VersionLoggerListener log
INFO: Server number:         7.0.81.0
Dec 04, 2018 2:03:52 PM org.apache.catalina.startup.VersionLoggerListener log
INFO: OS Name:               Mac OS X
Dec 04, 2018 2:03:52 PM org.apache.catalina.startup.VersionLoggerListener log
INFO: OS Version:            10.14.1
Dec 04, 2018 2:03:52 PM org.apache.catalina.startup.VersionLoggerListener log
INFO: Architecture:          x86_64
Dec 04, 2018 2:03:52 PM org.apache.catalina.startup.VersionLoggerListener log
INFO: Java Home:             /Library/Java/JavaVirtualMachines/jdk1.8.0_40.jdk/Contents/Home/jre
Dec 04, 2018 2:03:52 PM org.apache.catalina.startup.VersionLoggerListener log
INFO: JVM Version:           1.8.0_40-ea-b23
Dec 04, 2018 2:03:52 PM org.apache.catalina.startup.VersionLoggerListener log
INFO: JVM Vendor:            Oracle Corporation
Dec 04, 2018 2:03:52 PM org.apache.catalina.startup.VersionLoggerListener log
INFO: CATALINA_BASE:         /Users/ridouan/address-manager/application/target/apache-tomee
Dec 04, 2018 2:03:52 PM org.apache.catalina.startup.VersionLoggerListener log
INFO: CATALINA_HOME:         /Users/ridouan/address-manager/application/target/apache-tomee
Dec 04, 2018 2:03:52 PM org.apache.catalina.startup.VersionLoggerListener log
INFO: Command line argument: -XX:+HeapDumpOnOutOfMemoryError
Dec 04, 2018 2:03:52 PM org.apache.catalina.startup.VersionLoggerListener log
INFO: Command line argument: -Dorg.apache.catalina.STRICT_SERVLET_COMPLIANCE=false
Dec 04, 2018 2:03:52 PM org.apache.catalina.startup.VersionLoggerListener log
INFO: Command line argument: -Dopenejb.session.manager=org.apache.tomee.catalina.session.QuickSessionManager
Dec 04, 2018 2:03:52 PM org.apache.catalina.startup.VersionLoggerListener log
INFO: Command line argument: -Dtomee.remote.support=true
Dec 04, 2018 2:03:52 PM org.apache.catalina.startup.VersionLoggerListener log
INFO: Command line argument: -Dopenejb.system.apps=false
Dec 04, 2018 2:03:52 PM org.apache.catalina.startup.VersionLoggerListener log
INFO: Command line argument: -Djava.util.logging.config.file=/Users/ridouan/address-manager/application/target/apache-tomee/conf/logging.properties
Dec 04, 2018 2:03:52 PM org.apache.catalina.startup.VersionLoggerListener log
INFO: Command line argument: -javaagent:/Users/ridouan/address-manager/application/target/apache-tomee/lib/openejb-javaagent.jar
Dec 04, 2018 2:03:52 PM org.apache.catalina.startup.VersionLoggerListener log
INFO: Command line argument: -Djava.util.logging.manager=org.apache.juli.ClassLoaderLogManager
Dec 04, 2018 2:03:52 PM org.apache.catalina.startup.VersionLoggerListener log
INFO: Command line argument: -Djava.io.tmpdir=/Users/ridouan/address-manager/application/target/apache-tomee/temp
Dec 04, 2018 2:03:52 PM org.apache.catalina.startup.VersionLoggerListener log
INFO: Command line argument: -Djava.endorsed.dirs=/Users/ridouan/address-manager/application/target/apache-tomee/endorsed
Dec 04, 2018 2:03:52 PM org.apache.catalina.startup.VersionLoggerListener log
INFO: Command line argument: -Dcatalina.base=/Users/ridouan/address-manager/application/target/apache-tomee
Dec 04, 2018 2:03:52 PM org.apache.catalina.startup.VersionLoggerListener log
INFO: Command line argument: -Dcatalina.home=/Users/ridouan/address-manager/application/target/apache-tomee
Dec 04, 2018 2:03:52 PM org.apache.catalina.startup.VersionLoggerListener log
INFO: Command line argument: -Dcatalina.ext.dirs=/Users/ridouan/address-manager/application/target/apache-tomee/lib
Dec 04, 2018 2:03:52 PM org.apache.catalina.startup.VersionLoggerListener log
INFO: Command line argument: -Dorg.apache.tomcat.util.http.ServerCookie.ALLOW_HTTP_SEPARATORS_IN_V0=true
Dec 04, 2018 2:03:52 PM org.apache.catalina.startup.VersionLoggerListener log
INFO: Command line argument: -ea
Dec 04, 2018 2:03:52 PM org.apache.catalina.core.AprLifecycleListener lifecycleEvent
INFO: The APR based Apache Tomcat Native library which allows optimal performance in production environments was not found on the java.library.path: /Users/ridouan/Library/Java/Extensions:/Library/Java/Extensions:/Network/Library/Java/Extensions:/System/Library/Java/Extensions:/usr/lib/java:.
Dec 04, 2018 2:03:52 PM org.apache.coyote.AbstractProtocol init
INFO: Initializing ProtocolHandler ["http-bio-8080"]
Dec 04, 2018 2:03:52 PM org.apache.coyote.AbstractProtocol init
INFO: Initializing ProtocolHandler ["ajp-bio-8009"]
Dec 04, 2018 2:03:52 PM org.apache.openejb.util.OptionsLog info
INFO: Using 'tomee.remote.support=true'
Dec 04, 2018 2:03:52 PM org.apache.openejb.util.OptionsLog info
INFO: Using 'openejb.jdbc.datasource-creator=org.apache.tomee.jdbc.TomEEDataSourceCreator'
Dec 04, 2018 2:03:52 PM org.apache.openejb.OpenEJB$Instance <init>
INFO: ********************************************************************************
Dec 04, 2018 2:03:52 PM org.apache.openejb.OpenEJB$Instance <init>
INFO: OpenEJB http://tomee.apache.org/
Dec 04, 2018 2:03:52 PM org.apache.openejb.OpenEJB$Instance <init>
INFO: Startup: Tue Dec 04 14:03:52 CET 2018
Dec 04, 2018 2:03:52 PM org.apache.openejb.OpenEJB$Instance <init>
INFO: Copyright 1999-2015 (C) Apache OpenEJB/TomEE Project, All Rights Reserved.
Dec 04, 2018 2:03:52 PM org.apache.openejb.OpenEJB$Instance <init>
INFO: Version: 4.7.5
Dec 04, 2018 2:03:52 PM org.apache.openejb.OpenEJB$Instance <init>
INFO: Build date: 20170927
Dec 04, 2018 2:03:52 PM org.apache.openejb.OpenEJB$Instance <init>
INFO: Build time: 12:02
Dec 04, 2018 2:03:52 PM org.apache.openejb.OpenEJB$Instance <init>
INFO: ********************************************************************************
Dec 04, 2018 2:03:52 PM org.apache.openejb.OpenEJB$Instance <init>
INFO: openejb.home = /Users/ridouan/address-manager/application/target/apache-tomee
Dec 04, 2018 2:03:52 PM org.apache.openejb.OpenEJB$Instance <init>
INFO: openejb.base = /Users/ridouan/address-manager/application/target/apache-tomee
Dec 04, 2018 2:03:52 PM org.apache.openejb.cdi.CdiBuilder initializeOWB
INFO: Created new singletonService org.apache.openejb.cdi.ThreadSingletonServiceImpl@32464a14
Dec 04, 2018 2:03:52 PM org.apache.openejb.cdi.CdiBuilder initializeOWB
INFO: Succeeded in installing singleton service
Dec 04, 2018 2:03:52 PM org.apache.openejb.config.ConfigurationFactory init
INFO: openejb configuration file is '/Users/ridouan/address-manager/application/target/apache-tomee/conf/tomee.xml'
Dec 04, 2018 2:03:52 PM org.apache.openejb.config.ConfigurationFactory configureService
INFO: Configuring Service(id=Tomcat Security Service, type=SecurityService, provider-id=Tomcat Security Service)
Dec 04, 2018 2:03:52 PM org.apache.openejb.config.ConfigurationFactory configureService
INFO: Configuring Service(id=Default Transaction Manager, type=TransactionManager, provider-id=Default Transaction Manager)
Dec 04, 2018 2:03:52 PM org.apache.openejb.util.OptionsLog info
INFO: Using 'openejb.system.apps=false'
Dec 04, 2018 2:03:52 PM org.apache.openejb.util.OptionsLog info
INFO: Using 'openejb.deployments.classpath=false'
Dec 04, 2018 2:03:52 PM org.apache.openejb.assembler.classic.Assembler createRecipe
INFO: Creating TransactionManager(id=Default Transaction Manager)
Dec 04, 2018 2:03:52 PM org.apache.openejb.assembler.classic.Assembler createRecipe
INFO: Creating SecurityService(id=Tomcat Security Service)
Dec 04, 2018 2:03:52 PM org.apache.openejb.server.ServiceManager initServer
INFO: Creating ServerService(id=cxf-rs)
Dec 04, 2018 2:03:52 PM org.apache.openejb.server.SimpleServiceManager start
INFO:   ** Bound Services **
Dec 04, 2018 2:03:52 PM org.apache.openejb.server.SimpleServiceManager printRow
INFO:   NAME                 IP              PORT  
Dec 04, 2018 2:03:52 PM org.apache.openejb.server.SimpleServiceManager start
INFO: -------
Dec 04, 2018 2:03:52 PM org.apache.openejb.server.SimpleServiceManager start
INFO: Ready!
Dec 04, 2018 2:03:52 PM org.apache.catalina.startup.Catalina load
INFO: Initialization processed in 1334 ms
Dec 04, 2018 2:03:53 PM org.apache.tomee.catalina.OpenEJBNamingContextListener bindResource
INFO: Importing a Tomcat Resource with id 'UserDatabase' of type 'org.apache.catalina.UserDatabase'.
Dec 04, 2018 2:03:53 PM org.apache.openejb.assembler.classic.Assembler createRecipe
INFO: Creating Resource(id=UserDatabase)
Dec 04, 2018 2:03:53 PM org.apache.catalina.core.StandardService startInternal
INFO: Starting service Catalina
Dec 04, 2018 2:03:53 PM org.apache.catalina.core.StandardEngine startInternal
INFO: Starting Servlet Engine: Apache Tomcat (TomEE)/7.0.81 (1.7.5)
Dec 04, 2018 2:03:53 PM org.apache.catalina.startup.HostConfig deployWAR
INFO: Deploying web application archive /Users/ridouan/address-manager/application/target/apache-tomee/webapps/ROOT.war
Dec 04, 2018 2:03:53 PM org.apache.tomee.catalina.TomcatWebAppBuilder init
INFO: ------------------------- localhost -> /
Dec 04, 2018 2:03:53 PM org.apache.openejb.util.JarExtractor extract
INFO: Extracting jar: /Users/ridouan/address-manager/application/target/apache-tomee/webapps/ROOT.war
Dec 04, 2018 2:03:53 PM org.apache.openejb.util.JarExtractor extract
INFO: Extracted path: /Users/ridouan/address-manager/application/target/apache-tomee/webapps/ROOT
Dec 04, 2018 2:03:53 PM org.apache.openejb.util.OptionsLog info
INFO: Using 'openejb.session.manager=org.apache.tomee.catalina.session.QuickSessionManager'
Dec 04, 2018 2:03:54 PM org.apache.openejb.config.ConfigurationFactory configureApplication
INFO: Configuring enterprise application: /Users/ridouan/address-manager/application/target/apache-tomee/webapps/ROOT
Dec 04, 2018 2:03:55 PM org.apache.openejb.config.ConfigurationFactory configureService
INFO: Configuring Service(id=Default Managed Container, type=Container, provider-id=Default Managed Container)
Dec 04, 2018 2:03:55 PM org.apache.openejb.config.AutoConfig createContainer
INFO: Auto-creating a container for bean .Comp876324934: Container(type=MANAGED, id=Default Managed Container)
Dec 04, 2018 2:03:55 PM org.apache.openejb.assembler.classic.Assembler createRecipe
INFO: Creating Container(id=Default Managed Container)
Dec 04, 2018 2:03:55 PM org.apache.openejb.core.managed.SimplePassivater init
INFO: Using directory /Users/ridouan/address-manager/application/target/apache-tomee/temp for stateful session passivation
Dec 04, 2018 2:03:55 PM org.apache.openejb.config.AppInfoBuilder build
INFO: Enterprise application "/Users/ridouan/address-manager/application/target/apache-tomee/webapps/ROOT" loaded.
Dec 04, 2018 2:03:55 PM org.apache.openejb.assembler.classic.Assembler createApplication
INFO: Assembling app: /Users/ridouan/address-manager/application/target/apache-tomee/webapps/ROOT
Dec 04, 2018 2:03:55 PM org.apache.openejb.cdi.CdiBuilder initSingleton
INFO: Existing thread singleton service in SystemInstance(): org.apache.openejb.cdi.ThreadSingletonServiceImpl@32464a14
Dec 04, 2018 2:03:55 PM org.apache.openejb.cdi.OpenEJBLifecycle startApplication
INFO: OpenWebBeans Container is starting...
Dec 04, 2018 2:03:55 PM org.apache.webbeans.plugins.PluginLoader startUp
INFO: Adding OpenWebBeansPlugin : [CdiPlugin]
Dec 04, 2018 2:03:55 PM org.apache.webbeans.plugins.PluginLoader startUp
INFO: Adding OpenWebBeansPlugin : [OpenWebBeansJsfPlugin]
Dec 04, 2018 2:04:02 PM org.apache.webbeans.config.BeansDeployer deploySingleAnnotatedType
INFO: Skipping deployment of Class class com.sap.cloud.sdk.cloudplatform.auditlog.ScpCfAuditLogdue to a NoClassDefFoundError: com/sap/xs/audit/api/AuditLogMessage
Dec 04, 2018 2:04:03 PM org.apache.webbeans.config.BeansDeployer validateInjectionPoints
INFO: All injection points were validated successfully.
Dec 04, 2018 2:04:03 PM org.apache.openejb.cdi.OpenEJBLifecycle startApplication
INFO: OpenWebBeans Container has started, it took 8147 ms.
Dec 04, 2018 2:04:03 PM org.apache.openejb.assembler.classic.Assembler createApplication
INFO: Deployed Application(path=/Users/ridouan/address-manager/application/target/apache-tomee/webapps/ROOT)
Dec 04, 2018 2:04:04 PM org.apache.catalina.startup.HostConfig deployWAR
INFO: Deployment of web application archive /Users/ridouan/address-manager/application/target/apache-tomee/webapps/ROOT.war has finished in 11,823 ms
Dec 04, 2018 2:04:04 PM org.apache.coyote.AbstractProtocol start
INFO: Starting ProtocolHandler ["http-bio-8080"]
Dec 04, 2018 2:04:04 PM org.apache.coyote.AbstractProtocol start
INFO: Starting ProtocolHandler ["ajp-bio-8009"]
Dec 04, 2018 2:04:04 PM org.apache.catalina.startup.Catalina start
INFO: Server startup in 11928 ms
